[2022-11-21T11:56:51.174+0700] {taskinstance.py:1165} INFO - Dependencies all met for <TaskInstance: etl_process.create_table scheduled__2022-11-18T10:00:00+00:00 [queued]>
[2022-11-21T11:56:51.188+0700] {taskinstance.py:1165} INFO - Dependencies all met for <TaskInstance: etl_process.create_table scheduled__2022-11-18T10:00:00+00:00 [queued]>
[2022-11-21T11:56:51.188+0700] {taskinstance.py:1362} INFO - 
--------------------------------------------------------------------------------
[2022-11-21T11:56:51.188+0700] {taskinstance.py:1363} INFO - Starting attempt 1 of 3
[2022-11-21T11:56:51.189+0700] {taskinstance.py:1364} INFO - 
--------------------------------------------------------------------------------
[2022-11-21T11:56:51.266+0700] {taskinstance.py:1383} INFO - Executing <Task(_PythonDecoratedOperator): create_table> on 2022-11-18 10:00:00+00:00
[2022-11-21T11:56:51.274+0700] {standard_task_runner.py:55} INFO - Started process 128967 to run task
[2022-11-21T11:56:51.277+0700] {standard_task_runner.py:82} INFO - Running: ['airflow', 'tasks', 'run', 'etl_process', 'create_table', 'scheduled__2022-11-18T10:00:00+00:00', '--job-id', '171', '--raw', '--subdir', '/home/tanle/Documents/Spotify_project/airflow_spotify.py/dags/extract.py', '--cfg-path', '/tmp/tmp7eaev__r']
[2022-11-21T11:56:51.279+0700] {standard_task_runner.py:83} INFO - Job 171: Subtask create_table
[2022-11-21T11:56:51.530+0700] {task_command.py:376} INFO - Running <TaskInstance: etl_process.create_table scheduled__2022-11-18T10:00:00+00:00 [running]> on host tanle-Precision-M4600
[2022-11-21T11:56:51.796+0700] {taskinstance.py:1590} INFO - Exporting the following env vars:
AIRFLOW_CTX_DAG_EMAIL=lexuantan2000@gmail.com
AIRFLOW_CTX_DAG_OWNER=tanle
AIRFLOW_CTX_DAG_ID=etl_process
AIRFLOW_CTX_TASK_ID=create_table
AIRFLOW_CTX_EXECUTION_DATE=2022-11-18T10:00:00+00:00
AIRFLOW_CTX_TRY_NUMBER=1
AIRFLOW_CTX_DAG_RUN_ID=scheduled__2022-11-18T10:00:00+00:00
[2022-11-21T11:56:51.863+0700] {python.py:177} INFO - Done. Returned value was: None
[2022-11-21T11:56:51.912+0700] {taskinstance.py:1401} INFO - Marking task as SUCCESS. dag_id=etl_process, task_id=create_table, execution_date=20221118T100000, start_date=20221121T045651, end_date=20221121T045651
[2022-11-21T11:56:51.985+0700] {local_task_job.py:164} INFO - Task exited with return code 0
[2022-11-21T11:56:52.049+0700] {local_task_job.py:273} INFO - 1 downstream tasks scheduled from follow-on schedule check
