[2022-11-21T11:50:11.735+0700] {taskinstance.py:1165} INFO - Dependencies all met for <TaskInstance: etl_process.save_new_raw_data_image scheduled__2022-11-18T10:00:00+00:00 [queued]>
[2022-11-21T11:50:11.807+0700] {taskinstance.py:1165} INFO - Dependencies all met for <TaskInstance: etl_process.save_new_raw_data_image scheduled__2022-11-18T10:00:00+00:00 [queued]>
[2022-11-21T11:50:11.807+0700] {taskinstance.py:1362} INFO - 
--------------------------------------------------------------------------------
[2022-11-21T11:50:11.808+0700] {taskinstance.py:1363} INFO - Starting attempt 1 of 3
[2022-11-21T11:50:11.808+0700] {taskinstance.py:1364} INFO - 
--------------------------------------------------------------------------------
[2022-11-21T11:50:11.929+0700] {taskinstance.py:1383} INFO - Executing <Task(_PythonDecoratedOperator): save_new_raw_data_image> on 2022-11-18 10:00:00+00:00
[2022-11-21T11:50:11.965+0700] {standard_task_runner.py:55} INFO - Started process 123507 to run task
[2022-11-21T11:50:12.009+0700] {standard_task_runner.py:82} INFO - Running: ['airflow', 'tasks', 'run', 'etl_process', 'save_new_raw_data_image', 'scheduled__2022-11-18T10:00:00+00:00', '--job-id', '163', '--raw', '--subdir', '/home/tanle/Documents/Spotify_project/airflow_spotify.py/dags/extract.py', '--cfg-path', '/tmp/tmposr5pjsn']
[2022-11-21T11:50:12.030+0700] {standard_task_runner.py:83} INFO - Job 163: Subtask save_new_raw_data_image
[2022-11-21T11:50:12.439+0700] {task_command.py:376} INFO - Running <TaskInstance: etl_process.save_new_raw_data_image scheduled__2022-11-18T10:00:00+00:00 [running]> on host tanle-Precision-M4600
[2022-11-21T11:50:12.929+0700] {taskinstance.py:1590} INFO - Exporting the following env vars:
AIRFLOW_CTX_DAG_EMAIL=lexuantan2000@gmail.com
AIRFLOW_CTX_DAG_OWNER=tanle
AIRFLOW_CTX_DAG_ID=etl_process
AIRFLOW_CTX_TASK_ID=save_new_raw_data_image
AIRFLOW_CTX_EXECUTION_DATE=2022-11-18T10:00:00+00:00
AIRFLOW_CTX_TRY_NUMBER=1
AIRFLOW_CTX_DAG_RUN_ID=scheduled__2022-11-18T10:00:00+00:00
[2022-11-21T11:50:23.889+0700] {python.py:177} INFO - Done. Returned value was: None
[2022-11-21T11:50:23.934+0700] {taskinstance.py:1401} INFO - Marking task as SUCCESS. dag_id=etl_process, task_id=save_new_raw_data_image, execution_date=20221118T100000, start_date=20221121T045011, end_date=20221121T045023
[2022-11-21T11:50:23.965+0700] {local_task_job.py:164} INFO - Task exited with return code 0
[2022-11-21T11:50:24.028+0700] {local_task_job.py:273} INFO - 1 downstream tasks scheduled from follow-on schedule check
