[2022-11-21T12:29:09.660+0700] {taskinstance.py:1165} INFO - Dependencies all met for <TaskInstance: etl_process.run scheduled__2022-11-18T10:00:00+00:00 [queued]>
[2022-11-21T12:29:09.671+0700] {taskinstance.py:1165} INFO - Dependencies all met for <TaskInstance: etl_process.run scheduled__2022-11-18T10:00:00+00:00 [queued]>
[2022-11-21T12:29:09.672+0700] {taskinstance.py:1362} INFO - 
--------------------------------------------------------------------------------
[2022-11-21T12:29:09.672+0700] {taskinstance.py:1363} INFO - Starting attempt 4 of 6
[2022-11-21T12:29:09.672+0700] {taskinstance.py:1364} INFO - 
--------------------------------------------------------------------------------
[2022-11-21T12:29:09.721+0700] {taskinstance.py:1383} INFO - Executing <Task(_PythonDecoratedOperator): run> on 2022-11-18 10:00:00+00:00
[2022-11-21T12:29:09.746+0700] {standard_task_runner.py:55} INFO - Started process 141672 to run task
[2022-11-21T12:29:09.752+0700] {standard_task_runner.py:82} INFO - Running: ['airflow', 'tasks', 'run', 'etl_process', 'run', 'scheduled__2022-11-18T10:00:00+00:00', '--job-id', '190', '--raw', '--subdir', '/home/tanle/Documents/Spotify_project/airflow_spotify.py/dags/extract.py', '--cfg-path', '/tmp/tmpi1jby_jv']
[2022-11-21T12:29:09.754+0700] {standard_task_runner.py:83} INFO - Job 190: Subtask run
[2022-11-21T12:29:09.997+0700] {task_command.py:376} INFO - Running <TaskInstance: etl_process.run scheduled__2022-11-18T10:00:00+00:00 [running]> on host tanle-Precision-M4600
[2022-11-21T12:29:10.242+0700] {taskinstance.py:1590} INFO - Exporting the following env vars:
AIRFLOW_CTX_DAG_EMAIL=lexuantan2000@gmail.com
AIRFLOW_CTX_DAG_OWNER=tanle
AIRFLOW_CTX_DAG_ID=etl_process
AIRFLOW_CTX_TASK_ID=run
AIRFLOW_CTX_EXECUTION_DATE=2022-11-18T10:00:00+00:00
AIRFLOW_CTX_TRY_NUMBER=4
AIRFLOW_CTX_DAG_RUN_ID=scheduled__2022-11-18T10:00:00+00:00
[2022-11-21T12:29:10.526+0700] {python.py:177} INFO - Done. Returned value was: None
[2022-11-21T12:29:10.575+0700] {taskinstance.py:1401} INFO - Marking task as SUCCESS. dag_id=etl_process, task_id=run, execution_date=20221118T100000, start_date=20221121T052909, end_date=20221121T052910
[2022-11-21T12:29:10.658+0700] {local_task_job.py:164} INFO - Task exited with return code 0
[2022-11-21T12:29:10.761+0700] {local_task_job.py:273} INFO - 1 downstream tasks scheduled from follow-on schedule check
