[2022-11-21T11:56:27.092+0700] {taskinstance.py:1165} INFO - Dependencies all met for <TaskInstance: etl_process.get_recently_track scheduled__2022-11-18T10:00:00+00:00 [queued]>
[2022-11-21T11:56:27.130+0700] {taskinstance.py:1165} INFO - Dependencies all met for <TaskInstance: etl_process.get_recently_track scheduled__2022-11-18T10:00:00+00:00 [queued]>
[2022-11-21T11:56:27.130+0700] {taskinstance.py:1362} INFO - 
--------------------------------------------------------------------------------
[2022-11-21T11:56:27.130+0700] {taskinstance.py:1363} INFO - Starting attempt 10 of 12
[2022-11-21T11:56:27.130+0700] {taskinstance.py:1364} INFO - 
--------------------------------------------------------------------------------
[2022-11-21T11:56:27.170+0700] {taskinstance.py:1383} INFO - Executing <Task(_PythonDecoratedOperator): get_recently_track> on 2022-11-18 10:00:00+00:00
[2022-11-21T11:56:27.175+0700] {standard_task_runner.py:55} INFO - Started process 127950 to run task
[2022-11-21T11:56:27.178+0700] {standard_task_runner.py:82} INFO - Running: ['airflow', 'tasks', 'run', 'etl_process', 'get_recently_track', 'scheduled__2022-11-18T10:00:00+00:00', '--job-id', '166', '--raw', '--subdir', '/home/tanle/Documents/Spotify_project/airflow_spotify.py/dags/extract.py', '--cfg-path', '/tmp/tmpdtijryna']
[2022-11-21T11:56:27.180+0700] {standard_task_runner.py:83} INFO - Job 166: Subtask get_recently_track
[2022-11-21T11:56:27.430+0700] {task_command.py:376} INFO - Running <TaskInstance: etl_process.get_recently_track scheduled__2022-11-18T10:00:00+00:00 [running]> on host tanle-Precision-M4600
[2022-11-21T11:56:27.709+0700] {taskinstance.py:1590} INFO - Exporting the following env vars:
AIRFLOW_CTX_DAG_EMAIL=lexuantan2000@gmail.com
AIRFLOW_CTX_DAG_OWNER=tanle
AIRFLOW_CTX_DAG_ID=etl_process
AIRFLOW_CTX_TASK_ID=get_recently_track
AIRFLOW_CTX_EXECUTION_DATE=2022-11-18T10:00:00+00:00
AIRFLOW_CTX_TRY_NUMBER=10
AIRFLOW_CTX_DAG_RUN_ID=scheduled__2022-11-18T10:00:00+00:00
[2022-11-21T11:56:34.327+0700] {python.py:177} INFO - Done. Returned value was: None
[2022-11-21T11:56:34.347+0700] {taskinstance.py:1401} INFO - Marking task as SUCCESS. dag_id=etl_process, task_id=get_recently_track, execution_date=20221118T100000, start_date=20221121T045627, end_date=20221121T045634
[2022-11-21T11:56:34.417+0700] {local_task_job.py:164} INFO - Task exited with return code 0
[2022-11-21T11:56:34.481+0700] {local_task_job.py:273} INFO - 4 downstream tasks scheduled from follow-on schedule check
