[2022-11-20T15:00:55.158+0700] {taskinstance.py:1165} INFO - Dependencies all met for <TaskInstance: etl_process.get_recently_track scheduled__2022-11-18T10:00:00+00:00 [queued]>
[2022-11-20T15:00:55.173+0700] {taskinstance.py:1165} INFO - Dependencies all met for <TaskInstance: etl_process.get_recently_track scheduled__2022-11-18T10:00:00+00:00 [queued]>
[2022-11-20T15:00:55.173+0700] {taskinstance.py:1362} INFO - 
--------------------------------------------------------------------------------
[2022-11-20T15:00:55.173+0700] {taskinstance.py:1363} INFO - Starting attempt 2 of 4
[2022-11-20T15:00:55.173+0700] {taskinstance.py:1364} INFO - 
--------------------------------------------------------------------------------
[2022-11-20T15:00:55.220+0700] {taskinstance.py:1383} INFO - Executing <Task(_PythonDecoratedOperator): get_recently_track> on 2022-11-18 10:00:00+00:00
[2022-11-20T15:00:55.226+0700] {standard_task_runner.py:55} INFO - Started process 94646 to run task
[2022-11-20T15:00:55.252+0700] {standard_task_runner.py:82} INFO - Running: ['airflow', 'tasks', 'run', 'etl_process', 'get_recently_track', 'scheduled__2022-11-18T10:00:00+00:00', '--job-id', '138', '--raw', '--subdir', '/home/tanle/Documents/Spotify_project/airflow_spotify.py/dags/extract.py', '--cfg-path', '/tmp/tmpvqsltjwl']
[2022-11-20T15:00:55.254+0700] {standard_task_runner.py:83} INFO - Job 138: Subtask get_recently_track
[2022-11-20T15:00:55.522+0700] {task_command.py:376} INFO - Running <TaskInstance: etl_process.get_recently_track scheduled__2022-11-18T10:00:00+00:00 [running]> on host tanle-Precision-M4600
[2022-11-20T15:00:55.839+0700] {taskinstance.py:1590} INFO - Exporting the following env vars:
AIRFLOW_CTX_DAG_EMAIL=lexuantan2000@gmail.com
AIRFLOW_CTX_DAG_OWNER=tanle
AIRFLOW_CTX_DAG_ID=etl_process
AIRFLOW_CTX_TASK_ID=get_recently_track
AIRFLOW_CTX_EXECUTION_DATE=2022-11-18T10:00:00+00:00
AIRFLOW_CTX_TRY_NUMBER=2
AIRFLOW_CTX_DAG_RUN_ID=scheduled__2022-11-18T10:00:00+00:00
[2022-11-20T15:00:56.416+0700] {python.py:177} INFO - Done. Returned value was: None
[2022-11-20T15:00:56.467+0700] {taskinstance.py:1401} INFO - Marking task as SUCCESS. dag_id=etl_process, task_id=get_recently_track, execution_date=20221118T100000, start_date=20221120T080055, end_date=20221120T080056
[2022-11-20T15:00:56.536+0700] {local_task_job.py:164} INFO - Task exited with return code 0
[2022-11-20T15:00:56.607+0700] {local_task_job.py:273} INFO - 0 downstream tasks scheduled from follow-on schedule check
