[2022-11-21T12:01:56.835+0700] {taskinstance.py:1165} INFO - Dependencies all met for <TaskInstance: etl_process.save_new_raw_data_artist scheduled__2022-11-18T10:00:00+00:00 [queued]>
[2022-11-21T12:01:56.860+0700] {taskinstance.py:1165} INFO - Dependencies all met for <TaskInstance: etl_process.save_new_raw_data_artist scheduled__2022-11-18T10:00:00+00:00 [queued]>
[2022-11-21T12:01:56.860+0700] {taskinstance.py:1362} INFO - 
--------------------------------------------------------------------------------
[2022-11-21T12:01:56.861+0700] {taskinstance.py:1363} INFO - Starting attempt 3 of 5
[2022-11-21T12:01:56.861+0700] {taskinstance.py:1364} INFO - 
--------------------------------------------------------------------------------
[2022-11-21T12:01:56.919+0700] {taskinstance.py:1383} INFO - Executing <Task(_PythonDecoratedOperator): save_new_raw_data_artist> on 2022-11-18 10:00:00+00:00
[2022-11-21T12:01:56.930+0700] {standard_task_runner.py:55} INFO - Started process 132849 to run task
[2022-11-21T12:01:56.971+0700] {standard_task_runner.py:82} INFO - Running: ['airflow', 'tasks', 'run', 'etl_process', 'save_new_raw_data_artist', 'scheduled__2022-11-18T10:00:00+00:00', '--job-id', '176', '--raw', '--subdir', '/home/tanle/Documents/Spotify_project/airflow_spotify.py/dags/extract.py', '--cfg-path', '/tmp/tmpsb0cjyjx']
[2022-11-21T12:01:56.973+0700] {standard_task_runner.py:83} INFO - Job 176: Subtask save_new_raw_data_artist
[2022-11-21T12:01:57.544+0700] {task_command.py:376} INFO - Running <TaskInstance: etl_process.save_new_raw_data_artist scheduled__2022-11-18T10:00:00+00:00 [running]> on host tanle-Precision-M4600
[2022-11-21T12:01:57.962+0700] {taskinstance.py:1590} INFO - Exporting the following env vars:
AIRFLOW_CTX_DAG_EMAIL=lexuantan2000@gmail.com
AIRFLOW_CTX_DAG_OWNER=tanle
AIRFLOW_CTX_DAG_ID=etl_process
AIRFLOW_CTX_TASK_ID=save_new_raw_data_artist
AIRFLOW_CTX_EXECUTION_DATE=2022-11-18T10:00:00+00:00
AIRFLOW_CTX_TRY_NUMBER=3
AIRFLOW_CTX_DAG_RUN_ID=scheduled__2022-11-18T10:00:00+00:00
[2022-11-21T12:02:01.245+0700] {python.py:177} INFO - Done. Returned value was: None
[2022-11-21T12:02:01.365+0700] {taskinstance.py:1401} INFO - Marking task as SUCCESS. dag_id=etl_process, task_id=save_new_raw_data_artist, execution_date=20221118T100000, start_date=20221121T050156, end_date=20221121T050201
[2022-11-21T12:02:01.442+0700] {local_task_job.py:164} INFO - Task exited with return code 0
[2022-11-21T12:02:01.523+0700] {local_task_job.py:273} INFO - 0 downstream tasks scheduled from follow-on schedule check
