[2022-11-21T10:45:19.217+0700] {taskinstance.py:1165} INFO - Dependencies all met for <TaskInstance: etl_process.refresh_token scheduled__2022-11-18T10:00:00+00:00 [queued]>
[2022-11-21T10:45:19.255+0700] {taskinstance.py:1165} INFO - Dependencies all met for <TaskInstance: etl_process.refresh_token scheduled__2022-11-18T10:00:00+00:00 [queued]>
[2022-11-21T10:45:19.255+0700] {taskinstance.py:1362} INFO - 
--------------------------------------------------------------------------------
[2022-11-21T10:45:19.255+0700] {taskinstance.py:1363} INFO - Starting attempt 9 of 11
[2022-11-21T10:45:19.255+0700] {taskinstance.py:1364} INFO - 
--------------------------------------------------------------------------------
[2022-11-21T10:45:19.270+0700] {taskinstance.py:1383} INFO - Executing <Task(_PythonDecoratedOperator): refresh_token> on 2022-11-18 10:00:00+00:00
[2022-11-21T10:45:19.273+0700] {standard_task_runner.py:55} INFO - Started process 31678 to run task
[2022-11-21T10:45:19.276+0700] {standard_task_runner.py:82} INFO - Running: ['airflow', 'tasks', 'run', 'etl_process', 'refresh_token', 'scheduled__2022-11-18T10:00:00+00:00', '--job-id', '149', '--raw', '--subdir', '/home/tanle/Documents/Spotify_project/airflow_spotify.py/dags/extract.py', '--cfg-path', '/tmp/tmpg3zahsf9']
[2022-11-21T10:45:19.302+0700] {standard_task_runner.py:83} INFO - Job 149: Subtask refresh_token
[2022-11-21T10:45:19.479+0700] {task_command.py:376} INFO - Running <TaskInstance: etl_process.refresh_token scheduled__2022-11-18T10:00:00+00:00 [running]> on host tanle-Precision-M4600
[2022-11-21T10:45:19.677+0700] {taskinstance.py:1590} INFO - Exporting the following env vars:
AIRFLOW_CTX_DAG_EMAIL=lexuantan2000@gmail.com
AIRFLOW_CTX_DAG_OWNER=tanle
AIRFLOW_CTX_DAG_ID=etl_process
AIRFLOW_CTX_TASK_ID=refresh_token
AIRFLOW_CTX_EXECUTION_DATE=2022-11-18T10:00:00+00:00
AIRFLOW_CTX_TRY_NUMBER=9
AIRFLOW_CTX_DAG_RUN_ID=scheduled__2022-11-18T10:00:00+00:00
[2022-11-21T10:45:20.651+0700] {python.py:177} INFO - Done. Returned value was: BQDJ6kg4gxeXNCenUfVgXG2jfPiK2-rAEBvHHjSwrVlPlxYbK6mHBWb_AJ17p0VsNzD9QdjUxx6a5JeYAaroysHrRLTMaYrYoolqNCXyf4Wuiphf0Lz_OWArFtfrvj4NGm8Wml2NFWgClIJvh_50igXJsuWerZVDdh1W5g4rO74W81v1TOuu0PZNidAAFZmBxUP_nuzUvPJH43U0Z7N4hl3PMblZEgYy5XkK4eOb3QD38imNC92jb7lXmTqIULKFYfQw_bmCdDzgIs12Of8DZ9WlCkyyl8rG4RgWBXuUjQ4LVA
[2022-11-21T10:45:20.719+0700] {taskinstance.py:1401} INFO - Marking task as SUCCESS. dag_id=etl_process, task_id=refresh_token, execution_date=20221118T100000, start_date=20221121T034519, end_date=20221121T034520
[2022-11-21T10:45:20.761+0700] {local_task_job.py:164} INFO - Task exited with return code 0
[2022-11-21T10:45:20.829+0700] {local_task_job.py:273} INFO - 1 downstream tasks scheduled from follow-on schedule check
