[2022-11-21T11:02:11.478+0700] {taskinstance.py:1165} INFO - Dependencies all met for <TaskInstance: etl_process.refresh_token scheduled__2022-11-18T10:00:00+00:00 [queued]>
[2022-11-21T11:02:11.522+0700] {taskinstance.py:1165} INFO - Dependencies all met for <TaskInstance: etl_process.refresh_token scheduled__2022-11-18T10:00:00+00:00 [queued]>
[2022-11-21T11:02:11.523+0700] {taskinstance.py:1362} INFO - 
--------------------------------------------------------------------------------
[2022-11-21T11:02:11.523+0700] {taskinstance.py:1363} INFO - Starting attempt 10 of 12
[2022-11-21T11:02:11.523+0700] {taskinstance.py:1364} INFO - 
--------------------------------------------------------------------------------
[2022-11-21T11:02:11.549+0700] {taskinstance.py:1383} INFO - Executing <Task(_PythonDecoratedOperator): refresh_token> on 2022-11-18 10:00:00+00:00
[2022-11-21T11:02:11.554+0700] {standard_task_runner.py:55} INFO - Started process 58304 to run task
[2022-11-21T11:02:11.558+0700] {standard_task_runner.py:82} INFO - Running: ['airflow', 'tasks', 'run', 'etl_process', 'refresh_token', 'scheduled__2022-11-18T10:00:00+00:00', '--job-id', '153', '--raw', '--subdir', '/home/tanle/Documents/Spotify_project/airflow_spotify.py/dags/extract.py', '--cfg-path', '/tmp/tmpm2aroscm']
[2022-11-21T11:02:11.559+0700] {standard_task_runner.py:83} INFO - Job 153: Subtask refresh_token
[2022-11-21T11:02:11.694+0700] {task_command.py:376} INFO - Running <TaskInstance: etl_process.refresh_token scheduled__2022-11-18T10:00:00+00:00 [running]> on host tanle-Precision-M4600
[2022-11-21T11:02:11.849+0700] {taskinstance.py:1590} INFO - Exporting the following env vars:
AIRFLOW_CTX_DAG_EMAIL=lexuantan2000@gmail.com
AIRFLOW_CTX_DAG_OWNER=tanle
AIRFLOW_CTX_DAG_ID=etl_process
AIRFLOW_CTX_TASK_ID=refresh_token
AIRFLOW_CTX_EXECUTION_DATE=2022-11-18T10:00:00+00:00
AIRFLOW_CTX_TRY_NUMBER=10
AIRFLOW_CTX_DAG_RUN_ID=scheduled__2022-11-18T10:00:00+00:00
[2022-11-21T11:02:12.392+0700] {python.py:177} INFO - Done. Returned value was: BQDhkJzxZscnCCvdsZ41Ixkm4ZygzIrRkRDBImtFqB17QedWo_5HAg9XLRZTxS6eANJTfm8N2sJDtPez8VEEegOQ8HqcFmZWpuklQ2Xcdc6kZ79FODmo_C_mnKLMtG99B3rvxScTFNQdV8y8JmB8DDlIHY3y7JjN3_Wf8VD2S1TEaxlUE5uADr5f_l54LCHv1AiaQthTZrSJ6JhORm9STZoZwA7bG2MnvRY1eYcehQ2I_lXo7JNpiSENm9YSFKIXvmRSEtSySfq-naNTzwJKV6OQFSLxlHrDlhSB55Ki4qKETQ
[2022-11-21T11:02:12.438+0700] {taskinstance.py:1401} INFO - Marking task as SUCCESS. dag_id=etl_process, task_id=refresh_token, execution_date=20221118T100000, start_date=20221121T040211, end_date=20221121T040212
[2022-11-21T11:02:12.491+0700] {local_task_job.py:164} INFO - Task exited with return code 0
[2022-11-21T11:02:12.531+0700] {local_task_job.py:273} INFO - 1 downstream tasks scheduled from follow-on schedule check
