[2022-11-21T12:28:50.976+0700] {taskinstance.py:1165} INFO - Dependencies all met for <TaskInstance: etl_process.refresh_token scheduled__2022-11-18T10:00:00+00:00 [queued]>
[2022-11-21T12:28:51.012+0700] {taskinstance.py:1165} INFO - Dependencies all met for <TaskInstance: etl_process.refresh_token scheduled__2022-11-18T10:00:00+00:00 [queued]>
[2022-11-21T12:28:51.012+0700] {taskinstance.py:1362} INFO - 
--------------------------------------------------------------------------------
[2022-11-21T12:28:51.012+0700] {taskinstance.py:1363} INFO - Starting attempt 14 of 16
[2022-11-21T12:28:51.013+0700] {taskinstance.py:1364} INFO - 
--------------------------------------------------------------------------------
[2022-11-21T12:28:51.027+0700] {taskinstance.py:1383} INFO - Executing <Task(_PythonDecoratedOperator): refresh_token> on 2022-11-18 10:00:00+00:00
[2022-11-21T12:28:51.031+0700] {standard_task_runner.py:55} INFO - Started process 140794 to run task
[2022-11-21T12:28:51.035+0700] {standard_task_runner.py:82} INFO - Running: ['airflow', 'tasks', 'run', 'etl_process', 'refresh_token', 'scheduled__2022-11-18T10:00:00+00:00', '--job-id', '183', '--raw', '--subdir', '/home/tanle/Documents/Spotify_project/airflow_spotify.py/dags/extract.py', '--cfg-path', '/tmp/tmp96mpghza']
[2022-11-21T12:28:51.036+0700] {standard_task_runner.py:83} INFO - Job 183: Subtask refresh_token
[2022-11-21T12:28:51.169+0700] {task_command.py:376} INFO - Running <TaskInstance: etl_process.refresh_token scheduled__2022-11-18T10:00:00+00:00 [running]> on host tanle-Precision-M4600
[2022-11-21T12:28:51.306+0700] {taskinstance.py:1590} INFO - Exporting the following env vars:
AIRFLOW_CTX_DAG_EMAIL=lexuantan2000@gmail.com
AIRFLOW_CTX_DAG_OWNER=tanle
AIRFLOW_CTX_DAG_ID=etl_process
AIRFLOW_CTX_TASK_ID=refresh_token
AIRFLOW_CTX_EXECUTION_DATE=2022-11-18T10:00:00+00:00
AIRFLOW_CTX_TRY_NUMBER=14
AIRFLOW_CTX_DAG_RUN_ID=scheduled__2022-11-18T10:00:00+00:00
[2022-11-21T12:28:51.813+0700] {python.py:177} INFO - Done. Returned value was: BQALBbjwX64QnhYoOyxDRvs5eV_WEDdQnKBtbccBoSG9G-G8lzjcRyzEAABHJvQqyJgSN8ujLORwtofU1drPPqi--FOySB11-UXmerDr4YM7c0CKnsaQYrPyUFT6Sr3tHTnA4QQNVZVd3CUjKUS9o7adWkmfOj7lDiC5wikb5QPzsvW7cGOoopubyspZbcMphe0czPH2QYa3JQmSIPMhOXZ6D1s_dTt_1RBqdK3ihtZXGRx-EwpQaA8VkhGMr9G7yOVE5PPb7m2O47C39iqwX0dT4t-O4_DEjCvb7Uk5h-yMUg
[2022-11-21T12:28:51.911+0700] {taskinstance.py:1401} INFO - Marking task as SUCCESS. dag_id=etl_process, task_id=refresh_token, execution_date=20221118T100000, start_date=20221121T052850, end_date=20221121T052851
[2022-11-21T12:28:51.985+0700] {local_task_job.py:164} INFO - Task exited with return code 0
[2022-11-21T12:28:52.040+0700] {local_task_job.py:273} INFO - 1 downstream tasks scheduled from follow-on schedule check
