[2022-11-21T10:34:33.511+0700] {taskinstance.py:1165} INFO - Dependencies all met for <TaskInstance: etl_process.refresh_token scheduled__2022-11-18T10:00:00+00:00 [queued]>
[2022-11-21T10:34:33.529+0700] {taskinstance.py:1165} INFO - Dependencies all met for <TaskInstance: etl_process.refresh_token scheduled__2022-11-18T10:00:00+00:00 [queued]>
[2022-11-21T10:34:33.553+0700] {taskinstance.py:1362} INFO - 
--------------------------------------------------------------------------------
[2022-11-21T10:34:33.554+0700] {taskinstance.py:1363} INFO - Starting attempt 7 of 9
[2022-11-21T10:34:33.554+0700] {taskinstance.py:1364} INFO - 
--------------------------------------------------------------------------------
[2022-11-21T10:34:33.584+0700] {taskinstance.py:1383} INFO - Executing <Task(_PythonDecoratedOperator): refresh_token> on 2022-11-18 10:00:00+00:00
[2022-11-21T10:34:33.587+0700] {standard_task_runner.py:55} INFO - Started process 13086 to run task
[2022-11-21T10:34:33.591+0700] {standard_task_runner.py:82} INFO - Running: ['airflow', 'tasks', 'run', 'etl_process', 'refresh_token', 'scheduled__2022-11-18T10:00:00+00:00', '--job-id', '145', '--raw', '--subdir', '/home/tanle/Documents/Spotify_project/airflow_spotify.py/dags/extract.py', '--cfg-path', '/tmp/tmpqi8hs966']
[2022-11-21T10:34:33.592+0700] {standard_task_runner.py:83} INFO - Job 145: Subtask refresh_token
[2022-11-21T10:34:33.751+0700] {task_command.py:376} INFO - Running <TaskInstance: etl_process.refresh_token scheduled__2022-11-18T10:00:00+00:00 [running]> on host tanle-Precision-M4600
[2022-11-21T10:34:33.892+0700] {taskinstance.py:1590} INFO - Exporting the following env vars:
AIRFLOW_CTX_DAG_EMAIL=lexuantan2000@gmail.com
AIRFLOW_CTX_DAG_OWNER=tanle
AIRFLOW_CTX_DAG_ID=etl_process
AIRFLOW_CTX_TASK_ID=refresh_token
AIRFLOW_CTX_EXECUTION_DATE=2022-11-18T10:00:00+00:00
AIRFLOW_CTX_TRY_NUMBER=7
AIRFLOW_CTX_DAG_RUN_ID=scheduled__2022-11-18T10:00:00+00:00
[2022-11-21T10:34:34.490+0700] {python.py:177} INFO - Done. Returned value was: BQBzp3I2eDsCdktnXnVyTgO7_Glr0IauLNzFu_itjWngDLLqJ5pNwp8L5Q6sRZ_nxjweDBz_HWWLLneGKWZEBxoag8QhbD1lN4AVLaDgbqZpudQnCBzelkZnx0g5NrVlVMyCGWmu95mzIpZKiJaaawo_7MaoGQbhozB_K1OkikfvFGO-dgStvtMPaq_Ln1DGHA_vnQ3LopmX5_wR3cdZBisbBIw7bM1w3O1SQInP_3oVQOsgk4_c4ZP4CS1Gfskow-swecjqiDtxceOit4DoQ_22XUFkfcKwt-dny1kzT85JBQ
[2022-11-21T10:34:34.556+0700] {taskinstance.py:1401} INFO - Marking task as SUCCESS. dag_id=etl_process, task_id=refresh_token, execution_date=20221118T100000, start_date=20221121T033433, end_date=20221121T033434
[2022-11-21T10:34:34.609+0700] {local_task_job.py:164} INFO - Task exited with return code 0
[2022-11-21T10:34:34.656+0700] {local_task_job.py:273} INFO - 1 downstream tasks scheduled from follow-on schedule check
