[2022-11-21T11:56:15.482+0700] {taskinstance.py:1165} INFO - Dependencies all met for <TaskInstance: etl_process.refresh_token scheduled__2022-11-18T10:00:00+00:00 [queued]>
[2022-11-21T11:56:15.522+0700] {taskinstance.py:1165} INFO - Dependencies all met for <TaskInstance: etl_process.refresh_token scheduled__2022-11-18T10:00:00+00:00 [queued]>
[2022-11-21T11:56:15.523+0700] {taskinstance.py:1362} INFO - 
--------------------------------------------------------------------------------
[2022-11-21T11:56:15.523+0700] {taskinstance.py:1363} INFO - Starting attempt 12 of 14
[2022-11-21T11:56:15.523+0700] {taskinstance.py:1364} INFO - 
--------------------------------------------------------------------------------
[2022-11-21T11:56:15.602+0700] {taskinstance.py:1383} INFO - Executing <Task(_PythonDecoratedOperator): refresh_token> on 2022-11-18 10:00:00+00:00
[2022-11-21T11:56:15.609+0700] {standard_task_runner.py:55} INFO - Started process 127590 to run task
[2022-11-21T11:56:15.614+0700] {standard_task_runner.py:82} INFO - Running: ['airflow', 'tasks', 'run', 'etl_process', 'refresh_token', 'scheduled__2022-11-18T10:00:00+00:00', '--job-id', '165', '--raw', '--subdir', '/home/tanle/Documents/Spotify_project/airflow_spotify.py/dags/extract.py', '--cfg-path', '/tmp/tmp82h547y7']
[2022-11-21T11:56:15.616+0700] {standard_task_runner.py:83} INFO - Job 165: Subtask refresh_token
[2022-11-21T11:56:15.944+0700] {task_command.py:376} INFO - Running <TaskInstance: etl_process.refresh_token scheduled__2022-11-18T10:00:00+00:00 [running]> on host tanle-Precision-M4600
[2022-11-21T11:56:16.192+0700] {taskinstance.py:1590} INFO - Exporting the following env vars:
AIRFLOW_CTX_DAG_EMAIL=lexuantan2000@gmail.com
AIRFLOW_CTX_DAG_OWNER=tanle
AIRFLOW_CTX_DAG_ID=etl_process
AIRFLOW_CTX_TASK_ID=refresh_token
AIRFLOW_CTX_EXECUTION_DATE=2022-11-18T10:00:00+00:00
AIRFLOW_CTX_TRY_NUMBER=12
AIRFLOW_CTX_DAG_RUN_ID=scheduled__2022-11-18T10:00:00+00:00
[2022-11-21T11:56:24.005+0700] {python.py:177} INFO - Done. Returned value was: BQBe9G5xU7rsOiXfkdUKt4LgUT_fahc65ILZNlay9ODTE4ay8LDCZyEHKvIsiZKfoVORwKw8POc0CHnDYV6h2cI3sAsR2QGQbTIkvaaOBXtdqAZrDP8u4cF5c0C3KorPvXkEWgfXtGjTaHhp8R2_6OFdR-w7YQPDQWpkAVNyFUVjuNTxTvQFMzef-cv3JuVf5EfTZEjhw5-DOm1AOtJXArVOppcwrb2bUemCEW4wDkoLalttJs8bBQsxI5kOJ9z4YELvItrLpfFXfHeqZ1SKgXDAE3euUAXkwt2WYT3To9P8Cw
[2022-11-21T11:56:24.075+0700] {taskinstance.py:1401} INFO - Marking task as SUCCESS. dag_id=etl_process, task_id=refresh_token, execution_date=20221118T100000, start_date=20221121T045615, end_date=20221121T045624
[2022-11-21T11:56:24.122+0700] {local_task_job.py:164} INFO - Task exited with return code 0
[2022-11-21T11:56:24.166+0700] {local_task_job.py:273} INFO - 1 downstream tasks scheduled from follow-on schedule check
