[2022-11-20T15:00:51.469+0700] {taskinstance.py:1165} INFO - Dependencies all met for <TaskInstance: etl_process.refresh_token scheduled__2022-11-18T10:00:00+00:00 [queued]>
[2022-11-20T15:00:51.503+0700] {taskinstance.py:1165} INFO - Dependencies all met for <TaskInstance: etl_process.refresh_token scheduled__2022-11-18T10:00:00+00:00 [queued]>
[2022-11-20T15:00:51.504+0700] {taskinstance.py:1362} INFO - 
--------------------------------------------------------------------------------
[2022-11-20T15:00:51.504+0700] {taskinstance.py:1363} INFO - Starting attempt 4 of 6
[2022-11-20T15:00:51.504+0700] {taskinstance.py:1364} INFO - 
--------------------------------------------------------------------------------
[2022-11-20T15:00:51.556+0700] {taskinstance.py:1383} INFO - Executing <Task(_PythonDecoratedOperator): refresh_token> on 2022-11-18 10:00:00+00:00
[2022-11-20T15:00:51.562+0700] {standard_task_runner.py:55} INFO - Started process 94395 to run task
[2022-11-20T15:00:51.590+0700] {standard_task_runner.py:82} INFO - Running: ['airflow', 'tasks', 'run', 'etl_process', 'refresh_token', 'scheduled__2022-11-18T10:00:00+00:00', '--job-id', '137', '--raw', '--subdir', '/home/tanle/Documents/Spotify_project/airflow_spotify.py/dags/extract.py', '--cfg-path', '/tmp/tmp_tr356ol']
[2022-11-20T15:00:51.592+0700] {standard_task_runner.py:83} INFO - Job 137: Subtask refresh_token
[2022-11-20T15:00:51.854+0700] {task_command.py:376} INFO - Running <TaskInstance: etl_process.refresh_token scheduled__2022-11-18T10:00:00+00:00 [running]> on host tanle-Precision-M4600
[2022-11-20T15:00:52.138+0700] {taskinstance.py:1590} INFO - Exporting the following env vars:
AIRFLOW_CTX_DAG_EMAIL=lexuantan2000@gmail.com
AIRFLOW_CTX_DAG_OWNER=tanle
AIRFLOW_CTX_DAG_ID=etl_process
AIRFLOW_CTX_TASK_ID=refresh_token
AIRFLOW_CTX_EXECUTION_DATE=2022-11-18T10:00:00+00:00
AIRFLOW_CTX_TRY_NUMBER=4
AIRFLOW_CTX_DAG_RUN_ID=scheduled__2022-11-18T10:00:00+00:00
[2022-11-20T15:00:53.038+0700] {logging_mixin.py:120} INFO - BQA2QAiOtFibCAu8nuUDZl1R5xOJzejNTEM7Qszh-4vQ4kGw8DP_JoSEhee7QLXeJTli3MKfYAD0kudRTK4Rlx4wJI6Y5ggrvhgHk6a1q71CVdcqKiEOLVBXEHlZmGWVXNfG2npbF0s8bxx5YWYTkwlOn42LJWJ0B5HMHU27bjRT7p_hESqCIkPYv6HynEJ0v9_jI2kURMNoo7w0FyEuHMmHNG4SVq5s54_QJnYq0kGuUxvbyYrel1jyLY0ejXvgpsn_qkBmZ6olY32WlIHxHeej6VhpvAQzuxf6YbAfwu32-A ***
[2022-11-20T15:00:53.038+0700] {python.py:177} INFO - Done. Returned value was: None
[2022-11-20T15:00:53.089+0700] {taskinstance.py:1401} INFO - Marking task as SUCCESS. dag_id=etl_process, task_id=refresh_token, execution_date=20221118T100000, start_date=20221120T080051, end_date=20221120T080053
[2022-11-20T15:00:53.220+0700] {local_task_job.py:164} INFO - Task exited with return code 0
[2022-11-20T15:00:53.291+0700] {local_task_job.py:273} INFO - 1 downstream tasks scheduled from follow-on schedule check
