[2022-11-20T14:58:22.692+0700] {taskinstance.py:1165} INFO - Dependencies all met for <TaskInstance: etl_process.refresh_token scheduled__2022-11-18T10:00:00+00:00 [queued]>
[2022-11-20T14:58:22.704+0700] {taskinstance.py:1165} INFO - Dependencies all met for <TaskInstance: etl_process.refresh_token scheduled__2022-11-18T10:00:00+00:00 [queued]>
[2022-11-20T14:58:22.705+0700] {taskinstance.py:1362} INFO - 
--------------------------------------------------------------------------------
[2022-11-20T14:58:22.705+0700] {taskinstance.py:1363} INFO - Starting attempt 2 of 4
[2022-11-20T14:58:22.705+0700] {taskinstance.py:1364} INFO - 
--------------------------------------------------------------------------------
[2022-11-20T14:58:22.749+0700] {taskinstance.py:1383} INFO - Executing <Task(_PythonDecoratedOperator): refresh_token> on 2022-11-18 10:00:00+00:00
[2022-11-20T14:58:22.755+0700] {standard_task_runner.py:55} INFO - Started process 88641 to run task
[2022-11-20T14:58:22.758+0700] {standard_task_runner.py:82} INFO - Running: ['airflow', 'tasks', 'run', 'etl_process', 'refresh_token', 'scheduled__2022-11-18T10:00:00+00:00', '--job-id', '134', '--raw', '--subdir', '/home/tanle/Documents/Spotify_project/airflow_spotify.py/dags/extract.py', '--cfg-path', '/tmp/tmpni0cj69p']
[2022-11-20T14:58:22.784+0700] {standard_task_runner.py:83} INFO - Job 134: Subtask refresh_token
[2022-11-20T14:58:23.068+0700] {task_command.py:376} INFO - Running <TaskInstance: etl_process.refresh_token scheduled__2022-11-18T10:00:00+00:00 [running]> on host tanle-Precision-M4600
[2022-11-20T14:58:23.432+0700] {taskinstance.py:1590} INFO - Exporting the following env vars:
AIRFLOW_CTX_DAG_EMAIL=lexuantan2000@gmail.com
AIRFLOW_CTX_DAG_OWNER=tanle
AIRFLOW_CTX_DAG_ID=etl_process
AIRFLOW_CTX_TASK_ID=refresh_token
AIRFLOW_CTX_EXECUTION_DATE=2022-11-18T10:00:00+00:00
AIRFLOW_CTX_TRY_NUMBER=2
AIRFLOW_CTX_DAG_RUN_ID=scheduled__2022-11-18T10:00:00+00:00
[2022-11-20T14:58:24.163+0700] {logging_mixin.py:120} INFO - BQDqFYSxYpI51HN0lrB4gttAVvd--DY5cemBttNR2QxLyn-tcZ6NKCwP9osBkDXE8Duz9tToctfLr-ZjPMsCicXJJViUTsSD8m4M-esszhFmI5OINwRDaGRdeUE-CtxiKmyozuQJBqPJn5P1M4Xrz67UOasc1mCgfUX_-TXDKWLBh2vpVa8XKUCgJXJ5Vs-HI8K3yWssyCH12BA2R2lHmgesz24GB6yXdL6mOTIUFWHUkE7lJe8k8w8JcmqO0INBdse9IpRu83jsoprQ1Ooy7sRmmAhYTVWC5glkeweaTD9hQg ***
[2022-11-20T14:58:24.163+0700] {python.py:177} INFO - Done. Returned value was: None
[2022-11-20T14:58:24.242+0700] {taskinstance.py:1401} INFO - Marking task as SUCCESS. dag_id=etl_process, task_id=refresh_token, execution_date=20221118T100000, start_date=20221120T075822, end_date=20221120T075824
[2022-11-20T14:58:24.292+0700] {local_task_job.py:164} INFO - Task exited with return code 0
[2022-11-20T14:58:24.353+0700] {local_task_job.py:273} INFO - 0 downstream tasks scheduled from follow-on schedule check
