[2022-11-21T10:39:05.904+0700] {taskinstance.py:1165} INFO - Dependencies all met for <TaskInstance: etl_process.refresh_token scheduled__2022-11-18T10:00:00+00:00 [queued]>
[2022-11-21T10:39:05.948+0700] {taskinstance.py:1165} INFO - Dependencies all met for <TaskInstance: etl_process.refresh_token scheduled__2022-11-18T10:00:00+00:00 [queued]>
[2022-11-21T10:39:05.948+0700] {taskinstance.py:1362} INFO - 
--------------------------------------------------------------------------------
[2022-11-21T10:39:05.948+0700] {taskinstance.py:1363} INFO - Starting attempt 8 of 10
[2022-11-21T10:39:05.949+0700] {taskinstance.py:1364} INFO - 
--------------------------------------------------------------------------------
[2022-11-21T10:39:06.002+0700] {taskinstance.py:1383} INFO - Executing <Task(_PythonDecoratedOperator): refresh_token> on 2022-11-18 10:00:00+00:00
[2022-11-21T10:39:06.007+0700] {standard_task_runner.py:55} INFO - Started process 21742 to run task
[2022-11-21T10:39:06.011+0700] {standard_task_runner.py:82} INFO - Running: ['airflow', 'tasks', 'run', 'etl_process', 'refresh_token', 'scheduled__2022-11-18T10:00:00+00:00', '--job-id', '147', '--raw', '--subdir', '/home/tanle/Documents/Spotify_project/airflow_spotify.py/dags/extract.py', '--cfg-path', '/tmp/tmpnsraaw1b']
[2022-11-21T10:39:06.013+0700] {standard_task_runner.py:83} INFO - Job 147: Subtask refresh_token
[2022-11-21T10:39:06.430+0700] {task_command.py:376} INFO - Running <TaskInstance: etl_process.refresh_token scheduled__2022-11-18T10:00:00+00:00 [running]> on host tanle-Precision-M4600
[2022-11-21T10:39:06.636+0700] {taskinstance.py:1590} INFO - Exporting the following env vars:
AIRFLOW_CTX_DAG_EMAIL=lexuantan2000@gmail.com
AIRFLOW_CTX_DAG_OWNER=tanle
AIRFLOW_CTX_DAG_ID=etl_process
AIRFLOW_CTX_TASK_ID=refresh_token
AIRFLOW_CTX_EXECUTION_DATE=2022-11-18T10:00:00+00:00
AIRFLOW_CTX_TRY_NUMBER=8
AIRFLOW_CTX_DAG_RUN_ID=scheduled__2022-11-18T10:00:00+00:00
[2022-11-21T10:39:07.310+0700] {python.py:177} INFO - Done. Returned value was: BQCZwzf5wV_dJnSEiRxiscm6VTOvBbIdYMs0uwsjed-hq0ulSFgSFDdbi7hIaChVufuEu_0uZQdKtJhqisKVX-F-GGCgPaHB2-O_HRnmdKvsfe-MZpbgQS0vviGMnTxJgVO9CqMKlpl8ahkHQP8vx8mYk2NwrA2c0T7Br_Xzh_79g5DaPPfXt4gShYNdebcoMbH4a2xnK8YFjkEEG53yOqzrMiNhuSvkxWQUSvS-eogwsS-0ut_7mU80sc4X1ynOvYIOh-BqkUHLsiuzFpezMTngn0UGQ4kxb6tafO9IL3Bxcg
[2022-11-21T10:39:07.419+0700] {taskinstance.py:1401} INFO - Marking task as SUCCESS. dag_id=etl_process, task_id=refresh_token, execution_date=20221118T100000, start_date=20221121T033905, end_date=20221121T033907
[2022-11-21T10:39:07.502+0700] {local_task_job.py:164} INFO - Task exited with return code 0
[2022-11-21T10:39:07.573+0700] {local_task_job.py:273} INFO - 1 downstream tasks scheduled from follow-on schedule check
